[02/15 10:14:06] display all the hyper-parameters in args:
[02/15 10:14:06] opt: sgd
[02/15 10:14:06] lr: 0.1
[02/15 10:14:06] gamma: 0.1
[02/15 10:14:06] epoch: 400
[02/15 10:14:06] stage: 3
[02/15 10:14:06] weight_decay: 0.0005
[02/15 10:14:06] gpu_num: 1
[02/15 10:14:06] seed: 42
[02/15 10:14:06] val_epoch: 20
[02/15 10:14:06] resnet: False
[02/15 10:14:06] nesterov: true
[02/15 10:14:06] pre: true
[02/15 10:14:06] no_val: False
[02/15 10:14:06] train_way: 5
[02/15 10:14:06] test_way: 5
[02/15 10:14:06] train_shot: 5
[02/15 10:14:06] test_shot: 15
[02/15 10:14:06] train_query_shot: 15
[02/15 10:14:06] test_query_shot: 16
[02/15 10:14:06] train_transform_type: 0
[02/15 10:14:06] val_trial: 1000
[02/15 10:14:06] detailed_name: False
[02/15 10:14:06] model: FRN
[02/15 10:14:06] dataset: aircraft
[02/15 10:14:06] TDM: False
[02/15 10:14:06] alpha: 0.5
[02/15 10:14:06] beta: 0.5
[02/15 10:14:06] noise: False
[02/15 10:14:06] noise_value: 0.2
[02/15 10:14:06] resume: False
[02/15 10:14:06] resume_epoch: 0
[02/15 10:14:06] save_folder: D:\∑Î»Á±≠\CVPR2022-Task-Discrepancy-Maximization-for-Fine-grained-Few-Shot-Classification-main\Fine_grained\FRN\Aircraft_fewshot\OG\Conv-4_5-shot
[02/15 10:14:06] ------------------------
