[02/02 09:08:34] display all the hyper-parameters in args:
[02/02 09:08:34] opt: sgd
[02/02 09:08:34] lr: 0.1
[02/02 09:08:34] gamma: 0.1
[02/02 09:08:34] epoch: 400
[02/02 09:08:34] stage: 2
[02/02 09:08:34] weight_decay: 0.0005
[02/02 09:08:34] gpu_num: 1
[02/02 09:08:34] seed: 42
[02/02 09:08:34] val_epoch: 20
[02/02 09:08:34] resnet: False
[02/02 09:08:34] nesterov: False
[02/02 09:08:34] pre: False
[02/02 09:08:34] no_val: False
[02/02 09:08:34] test_way: 5
[02/02 09:08:34] train_query_shot: 15
[02/02 09:08:34] test_query_shot: 16
[02/02 09:08:34] val_trial: 1000
[02/02 09:08:34] detailed_name: False
[02/02 09:08:34] model: FRN
[02/02 09:08:34] dataset: cub_cropped
[02/02 09:08:34] TDM: False
[02/02 09:08:34] alpha: 0.5
[02/02 09:08:34] beta: 0.5
[02/02 09:08:34] noise: False
[02/02 09:08:34] noise_value: 0.2
[02/02 09:08:34] resume: False
[02/02 09:08:34] resume_epoch: 0
[02/02 09:08:34] save_folder: D:\∑Î»Á±≠\CVPR2022-Task-Discrepancy-Maximization-for-Fine-grained-Few-Shot-Classification-main\Fine_grained\FRN\CUB_fewshot_cropped\OG\Conv-4_None-shot
[02/02 09:08:34] ------------------------
[02/02 09:08:39] start training!
